  Cif.cpp
  ctest1.cpp
  ctest2.cpp
  ctest3.cpp
  f2.cpp
  f3.cpp
  f4.cpp
  f5.cpp
  f6.cpp
  f7.cpp
  f9.cpp
  map.cpp
  sklei.cpp
  Main.cpp
C:\Program Files (x86)\Microsoft Visual Studio\2019\Community\VC\Tools\MSVC\14.24.28314\include\clocale(21,1): error C2061: синтаксическая ошибка: идентификатор "std"
C:\Program Files (x86)\Microsoft Visual Studio\2019\Community\VC\Tools\MSVC\14.24.28314\include\clocale(21,1): error C2059: синтаксическая ошибка: ;
C:\Program Files (x86)\Microsoft Visual Studio\2019\Community\VC\Tools\MSVC\14.24.28314\include\clocale(21,1): error C2449: имеется "{" в пределах области видимости файла (возможно, отсутствует заголовок функции)
C:\Program Files (x86)\Microsoft Visual Studio\2019\Community\VC\Tools\MSVC\14.24.28314\include\clocale(25,1): error C2059: синтаксическая ошибка: }
C:\Users\mashh\Documents\GitHub\laba1\Main.cpp(226,1): fatal error C1004: непредвиденное обнаружение конца файла
  f1.cpp
  f8.cpp
  ToHigh.cpp
  ToLower.cpp
  vvod.cpp
  Where.cpp
  Создание кода...
